# JRE version: OpenJDK Runtime Environment (7.0_95) (build 1.7.0_95-b00)
# Java VM: OpenJDK 64-Bit Server VM (24.95-b01 mixed mode linux-amd64 compressed oops)
Heap
 PSYoungGen      total 117760K, used 12285K [0x00000000eaa80000, 0x00000000f2a80000, 0x0000000100000000)
  eden space 105472K, 0% used [0x00000000eaa80000,0x00000000eaa80000,0x00000000f1180000)
  from space 12288K, 99% used [0x00000000f1180000,0x00000000f1d7f638,0x00000000f1d80000)
  to   space 11264K, 0% used [0x00000000f1d80000,0x00000000f1d80000,0x00000000f2880000)
 ParOldGen       total 36864K, used 35657K [0x00000000c0000000, 0x00000000c2400000, 0x00000000eaa80000)
  object space 36864K, 96% used [0x00000000c0000000,0x00000000c22d2430,0x00000000c2400000)
 PSPermGen       total 21504K, used 6212K [0x00000000b5a00000, 0x00000000b6f00000, 0x00000000c0000000)
  object space 21504K, 28% used [0x00000000b5a00000,0x00000000b6011098,0x00000000b6f00000)
GC Heap History (10 events):
Event: 4.171 GC heap after
Heap after GC invocations=2 (full 0):
 PSYoungGen      total 28672K, used 2038K [0x00000000eaa80000, 0x00000000ec880000, 0x0000000100000000)
  eden space 26624K, 0% used [0x00000000eaa80000,0x00000000eaa80000,0x00000000ec480000)
  from space 2048K, 99% used [0x00000000ec680000,0x00000000ec87db30,0x00000000ec880000)
  to   space 2048K, 0% used [0x00000000ec480000,0x00000000ec480000,0x00000000ec680000)
 ParOldGen       total 34816K, used 4215K [0x00000000c0000000, 0x00000000c2200000, 0x00000000eaa80000)
  object space 34816K, 12% used [0x00000000c0000000,0x00000000c041ddc0,0x00000000c2200000)
 PSPermGen       total 21504K, used 5947K [0x00000000b5a00000, 0x00000000b6f00000, 0x00000000c0000000)
  object space 21504K, 27% used [0x00000000b5a00000,0x00000000b5fcec00,0x00000000b6f00000)
}
Event: 6.772 GC heap before
{Heap before GC invocations=3 (full 0):
 PSYoungGen      total 28672K, used 28662K [0x00000000eaa80000, 0x00000000ec880000, 0x0000000100000000)
  eden space 26624K, 100% used [0x00000000eaa80000,0x00000000ec480000,0x00000000ec480000)
  from space 2048K, 99% used [0x00000000ec680000,0x00000000ec87db30,0x00000000ec880000)
  to   space 2048K, 0% used [0x00000000ec480000,0x00000000ec480000,0x00000000ec680000)
 ParOldGen       total 34816K, used 4215K [0x00000000c0000000, 0x00000000c2200000, 0x00000000eaa80000)
  object space 34816K, 12% used [0x00000000c0000000,0x00000000c041ddc0,0x00000000c2200000)
 PSPermGen       total 21504K, used 6058K [0x00000000b5a00000, 0x00000000b6f00000, 0x00000000c0000000)
  object space 21504K, 28% used [0x00000000b5a00000,0x00000000b5fea970,0x00000000b6f00000)
Event: 6.827 GC heap after
Heap after GC invocations=3 (full 0):
 PSYoungGen      total 28672K, used 2046K [0x00000000eaa80000, 0x00000000ee280000, 0x0000000100000000)
  eden space 26624K, 0% used [0x00000000eaa80000,0x00000000eaa80000,0x00000000ec480000)
  from space 2048K, 99% used [0x00000000ec480000,0x00000000ec67f918,0x00000000ec680000)
  to   space 2048K, 0% used [0x00000000ee080000,0x00000000ee080000,0x00000000ee280000)
 ParOldGen       total 34816K, used 9275K [0x00000000c0000000, 0x00000000c2200000, 0x00000000eaa80000)
  object space 34816K, 26% used [0x00000000c0000000,0x00000000c090eff8,0x00000000c2200000)
 PSPermGen       total 21504K, used 6058K [0x00000000b5a00000, 0x00000000b6f00000, 0x00000000c0000000)
  object space 21504K, 28% used [0x00000000b5a00000,0x00000000b5fea970,0x00000000b6f00000)
}
Event: 9.504 GC heap before
{Heap before GC invocations=4 (full 0):
 PSYoungGen      total 28672K, used 28670K [0x00000000eaa80000, 0x00000000ee280000, 0x0000000100000000)
  eden space 26624K, 100% used [0x00000000eaa80000,0x00000000ec480000,0x00000000ec480000)
  from space 2048K, 99% used [0x00000000ec480000,0x00000000ec67f918,0x00000000ec680000)
  to   space 2048K, 0% used [0x00000000ee080000,0x00000000ee080000,0x00000000ee280000)
 ParOldGen       total 34816K, used 9275K [0x00000000c0000000, 0x00000000c2200000, 0x00000000eaa80000)
  object space 34816K, 26% used [0x00000000c0000000,0x00000000c090eff8,0x00000000c2200000)
 PSPermGen       total 21504K, used 6094K [0x00000000b5a00000, 0x00000000b6f00000, 0x00000000c0000000)
  object space 21504K, 28% used [0x00000000b5a00000,0x00000000b5ff3b88,0x00000000b6f00000)
Event: 9.578 GC heap after
Heap after GC invocations=4 (full 0):
 PSYoungGen      total 55296K, used 2026K [0x00000000eaa80000, 0x00000000ee280000, 0x0000000100000000)
  eden space 53248K, 0% used [0x00000000eaa80000,0x00000000eaa80000,0x00000000ede80000)
  from space 2048K, 98% used [0x00000000ee080000,0x00000000ee27abc8,0x00000000ee280000)
  to   space 2048K, 0% used [0x00000000ede80000,0x00000000ede80000,0x00000000ee080000)
 ParOldGen       total 34816K, used 14095K [0x00000000c0000000, 0x00000000c2200000, 0x00000000eaa80000)
  object space 34816K, 40% used [0x00000000c0000000,0x00000000c0dc3c60,0x00000000c2200000)
 PSPermGen       total 21504K, used 6094K [0x00000000b5a00000, 0x00000000b6f00000, 0x00000000c0000000)
  object space 21504K, 28% used [0x00000000b5a00000,0x00000000b5ff3b88,0x00000000b6f00000)
}
Event: 15.919 GC heap before
{Heap before GC invocations=5 (full 0):
 PSYoungGen      total 55296K, used 55274K [0x00000000eaa80000, 0x00000000ee280000, 0x0000000100000000)
  eden space 53248K, 100% used [0x00000000eaa80000,0x00000000ede80000,0x00000000ede80000)
  from space 2048K, 98% used [0x00000000ee080000,0x00000000ee27abc8,0x00000000ee280000)
  to   space 2048K, 0% used [0x00000000ede80000,0x00000000ede80000,0x00000000ee080000)
 ParOldGen       total 34816K, used 14095K [0x00000000c0000000, 0x00000000c2200000, 0x00000000eaa80000)
  object space 34816K, 40% used [0x00000000c0000000,0x00000000c0dc3c60,0x00000000c2200000)
 PSPermGen       total 21504K, used 6132K [0x00000000b5a00000, 0x00000000b6f00000, 0x00000000c0000000)
  object space 21504K, 28% used [0x00000000b5a00000,0x00000000b5ffd0a0,0x00000000b6f00000)
Event: 16.005 GC heap after
Heap after GC invocations=5 (full 0):
 PSYoungGen      total 55296K, used 2046K [0x00000000eaa80000, 0x00000000f2880000, 0x0000000100000000)
  eden space 53248K, 0% used [0x00000000eaa80000,0x00000000eaa80000,0x00000000ede80000)
  from space 2048K, 99% used [0x00000000ede80000,0x00000000ee07f8a0,0x00000000ee080000)
  to   space 11264K, 0% used [0x00000000f1d80000,0x00000000f1d80000,0x00000000f2880000)
 ParOldGen       total 34816K, used 22005K [0x00000000c0000000, 0x00000000c2200000, 0x00000000eaa80000)
  object space 34816K, 63% used [0x00000000c0000000,0x00000000c157d7e8,0x00000000c2200000)
 PSPermGen       total 21504K, used 6132K [0x00000000b5a00000, 0x00000000b6f00000, 0x00000000c0000000)
  object space 21504K, 28% used [0x00000000b5a00000,0x00000000b5ffd0a0,0x00000000b6f00000)
}
Event: 18.852 GC heap before
{Heap before GC invocations=6 (full 0):
 PSYoungGen      total 55296K, used 55294K [0x00000000eaa80000, 0x00000000f2880000, 0x0000000100000000)
  eden space 53248K, 100% used [0x00000000eaa80000,0x00000000ede80000,0x00000000ede80000)
  from space 2048K, 99% used [0x00000000ede80000,0x00000000ee07f8a0,0x00000000ee080000)
  to   space 11264K, 0% used [0x00000000f1d80000,0x00000000f1d80000,0x00000000f2880000)
 ParOldGen       total 34816K, used 22005K [0x00000000c0000000, 0x00000000c2200000, 0x00000000eaa80000)
  object space 34816K, 63% used [0x00000000c0000000,0x00000000c157d7e8,0x00000000c2200000)
 PSPermGen       total 21504K, used 6167K [0x00000000b5a00000, 0x00000000b6f00000, 0x00000000c0000000)
  object space 21504K, 28% used [0x00000000b5a00000,0x00000000b6005d08,0x00000000b6f00000)
Event: 18.974 GC heap after
Heap after GC invocations=6 (full 0):
 PSYoungGen      total 116736K, used 9962K [0x00000000eaa80000, 0x00000000f2a80000, 0x0000000100000000)
  eden space 105472K, 0% used [0x00000000eaa80000,0x00000000eaa80000,0x00000000f1180000)
  from space 11264K, 88% used [0x00000000f1d80000,0x00000000f273aab8,0x00000000f2880000)
  to   space 12288K, 0% used [0x00000000f1180000,0x00000000f1180000,0x00000000f1d80000)
 ParOldGen       total 34816K, used 22005K [0x00000000c0000000, 0x00000000c2200000, 0x00000000eaa80000)
  object space 34816K, 63% used [0x00000000c0000000,0x00000000c157d7e8,0x00000000c2200000)
 PSPermGen       total 21504K, used 6167K [0x00000000b5a00000, 0x00000000b6f00000, 0x00000000c0000000)
  object space 21504K, 28% used [0x00000000b5a00000,0x00000000b6005d08,0x00000000b6f00000)
}
Event: 24.168 GC heap before
{Heap before GC invocations=7 (full 0):
 PSYoungGen      total 116736K, used 115434K [0x00000000eaa80000, 0x00000000f2a80000, 0x0000000100000000)
  eden space 105472K, 100% used [0x00000000eaa80000,0x00000000f1180000,0x00000000f1180000)
  from space 11264K, 88% used [0x00000000f1d80000,0x00000000f273aab8,0x00000000f2880000)
  to   space 12288K, 0% used [0x00000000f1180000,0x00000000f1180000,0x00000000f1d80000)
 ParOldGen       total 34816K, used 22005K [0x00000000c0000000, 0x00000000c2200000, 0x00000000eaa80000)
  object space 34816K, 63% used [0x00000000c0000000,0x00000000c157d7e8,0x00000000c2200000)
 PSPermGen       total 21504K, used 6212K [0x00000000b5a00000, 0x00000000b6f00000, 0x00000000c0000000)
  object space 21504K, 28% used [0x00000000b5a00000,0x00000000b6011098,0x00000000b6f00000)

