# JRE version: OpenJDK Runtime Environment (7.0_95) (build 1.7.0_95-b00)
# Java VM: OpenJDK 64-Bit Server VM (24.95-b01 mixed mode linux-amd64 compressed oops)
Heap
 PSYoungGen      total 59904K, used 7679K [0x00000000eef00000, 0x00000000f3200000, 0x0000000100000000)
  eden space 52224K, 0% used [0x00000000eef00000,0x00000000eef00000,0x00000000f2200000)
  from space 7680K, 99% used [0x00000000f2200000,0x00000000f297fe60,0x00000000f2980000)
  to   space 6656K, 0% used [0x00000000f2980000,0x00000000f2980000,0x00000000f3000000)
 ParOldGen       total 34816K, used 8542K [0x00000000cce00000, 0x00000000cf000000, 0x00000000eef00000)
  object space 34816K, 24% used [0x00000000cce00000,0x00000000cd657a40,0x00000000cf000000)
 PSPermGen       total 23040K, used 22835K [0x00000000c2800000, 0x00000000c3e80000, 0x00000000cce00000)
  object space 23040K, 99% used [0x00000000c2800000,0x00000000c3e4cc70,0x00000000c3e80000)
GC Heap History (10 events):
Event: 2.932 GC heap after
Heap after GC invocations=2 (full 0):
 PSYoungGen      total 15360K, used 2037K [0x00000000eef00000, 0x00000000f0000000, 0x0000000100000000)
  eden space 13312K, 0% used [0x00000000eef00000,0x00000000eef00000,0x00000000efc00000)
  from space 2048K, 99% used [0x00000000efe00000,0x00000000efffd690,0x00000000f0000000)
  to   space 2048K, 0% used [0x00000000efc00000,0x00000000efc00000,0x00000000efe00000)
 ParOldGen       total 34816K, used 1594K [0x00000000cce00000, 0x00000000cf000000, 0x00000000eef00000)
  object space 34816K, 4% used [0x00000000cce00000,0x00000000ccf8e8b8,0x00000000cf000000)
 PSPermGen       total 21504K, used 8403K [0x00000000c2800000, 0x00000000c3d00000, 0x00000000cce00000)
  object space 21504K, 39% used [0x00000000c2800000,0x00000000c3034ff0,0x00000000c3d00000)
}
Event: 3.439 GC heap before
{Heap before GC invocations=3 (full 0):
 PSYoungGen      total 15360K, used 15349K [0x00000000eef00000, 0x00000000f0000000, 0x0000000100000000)
  eden space 13312K, 100% used [0x00000000eef00000,0x00000000efc00000,0x00000000efc00000)
  from space 2048K, 99% used [0x00000000efe00000,0x00000000efffd690,0x00000000f0000000)
  to   space 2048K, 0% used [0x00000000efc00000,0x00000000efc00000,0x00000000efe00000)
 ParOldGen       total 34816K, used 1594K [0x00000000cce00000, 0x00000000cf000000, 0x00000000eef00000)
  object space 34816K, 4% used [0x00000000cce00000,0x00000000ccf8e8b8,0x00000000cf000000)
 PSPermGen       total 21504K, used 8447K [0x00000000c2800000, 0x00000000c3d00000, 0x00000000cce00000)
  object space 21504K, 39% used [0x00000000c2800000,0x00000000c303ff60,0x00000000c3d00000)
Event: 3.458 GC heap after
Heap after GC invocations=3 (full 0):
 PSYoungGen      total 15360K, used 1920K [0x00000000eef00000, 0x00000000f0d00000, 0x0000000100000000)
  eden space 13312K, 0% used [0x00000000eef00000,0x00000000eef00000,0x00000000efc00000)
  from space 2048K, 93% used [0x00000000efc00000,0x00000000efde0020,0x00000000efe00000)
  to   space 2048K, 0% used [0x00000000f0b00000,0x00000000f0b00000,0x00000000f0d00000)
 ParOldGen       total 34816K, used 1594K [0x00000000cce00000, 0x00000000cf000000, 0x00000000eef00000)
  object space 34816K, 4% used [0x00000000cce00000,0x00000000ccf8e8b8,0x00000000cf000000)
 PSPermGen       total 21504K, used 8447K [0x00000000c2800000, 0x00000000c3d00000, 0x00000000cce00000)
  object space 21504K, 39% used [0x00000000c2800000,0x00000000c303ff60,0x00000000c3d00000)
}
Event: 4.098 GC heap before
{Heap before GC invocations=4 (full 0):
 PSYoungGen      total 15360K, used 15232K [0x00000000eef00000, 0x00000000f0d00000, 0x0000000100000000)
  eden space 13312K, 100% used [0x00000000eef00000,0x00000000efc00000,0x00000000efc00000)
  from space 2048K, 93% used [0x00000000efc00000,0x00000000efde0020,0x00000000efe00000)
  to   space 2048K, 0% used [0x00000000f0b00000,0x00000000f0b00000,0x00000000f0d00000)
 ParOldGen       total 34816K, used 1594K [0x00000000cce00000, 0x00000000cf000000, 0x00000000eef00000)
  object space 34816K, 4% used [0x00000000cce00000,0x00000000ccf8e8b8,0x00000000cf000000)
 PSPermGen       total 21504K, used 10093K [0x00000000c2800000, 0x00000000c3d00000, 0x00000000cce00000)
  object space 21504K, 46% used [0x00000000c2800000,0x00000000c31db748,0x00000000c3d00000)
Event: 4.118 GC heap after
Heap after GC invocations=4 (full 0):
 PSYoungGen      total 28672K, used 2032K [0x00000000eef00000, 0x00000000f0d00000, 0x0000000100000000)
  eden space 26624K, 0% used [0x00000000eef00000,0x00000000eef00000,0x00000000f0900000)
  from space 2048K, 99% used [0x00000000f0b00000,0x00000000f0cfc030,0x00000000f0d00000)
  to   space 2048K, 0% used [0x00000000f0900000,0x00000000f0900000,0x00000000f0b00000)
 ParOldGen       total 34816K, used 2628K [0x00000000cce00000, 0x00000000cf000000, 0x00000000eef00000)
  object space 34816K, 7% used [0x00000000cce00000,0x00000000cd091238,0x00000000cf000000)
 PSPermGen       total 21504K, used 10093K [0x00000000c2800000, 0x00000000c3d00000, 0x00000000cce00000)
  object space 21504K, 46% used [0x00000000c2800000,0x00000000c31db748,0x00000000c3d00000)
}
Event: 5.673 GC heap before
{Heap before GC invocations=5 (full 0):
 PSYoungGen      total 28672K, used 28656K [0x00000000eef00000, 0x00000000f0d00000, 0x0000000100000000)
  eden space 26624K, 100% used [0x00000000eef00000,0x00000000f0900000,0x00000000f0900000)
  from space 2048K, 99% used [0x00000000f0b00000,0x00000000f0cfc030,0x00000000f0d00000)
  to   space 2048K, 0% used [0x00000000f0900000,0x00000000f0900000,0x00000000f0b00000)
 ParOldGen       total 34816K, used 2628K [0x00000000cce00000, 0x00000000cf000000, 0x00000000eef00000)
  object space 34816K, 7% used [0x00000000cce00000,0x00000000cd091238,0x00000000cf000000)
 PSPermGen       total 21504K, used 15247K [0x00000000c2800000, 0x00000000c3d00000, 0x00000000cce00000)
  object space 21504K, 70% used [0x00000000c2800000,0x00000000c36e3d10,0x00000000c3d00000)
Event: 5.709 GC heap after
Heap after GC invocations=5 (full 0):
 PSYoungGen      total 28672K, used 2016K [0x00000000eef00000, 0x00000000f3000000, 0x0000000100000000)
  eden space 26624K, 0% used [0x00000000eef00000,0x00000000eef00000,0x00000000f0900000)
  from space 2048K, 98% used [0x00000000f0900000,0x00000000f0af8020,0x00000000f0b00000)
  to   space 6656K, 0% used [0x00000000f2980000,0x00000000f2980000,0x00000000f3000000)
 ParOldGen       total 34816K, used 7113K [0x00000000cce00000, 0x00000000cf000000, 0x00000000eef00000)
  object space 34816K, 20% used [0x00000000cce00000,0x00000000cd4f26c8,0x00000000cf000000)
 PSPermGen       total 21504K, used 15247K [0x00000000c2800000, 0x00000000c3d00000, 0x00000000cce00000)
  object space 21504K, 70% used [0x00000000c2800000,0x00000000c36e3d10,0x00000000c3d00000)
}
Event: 7.165 GC heap before
{Heap before GC invocations=6 (full 0):
 PSYoungGen      total 28672K, used 28622K [0x00000000eef00000, 0x00000000f3000000, 0x0000000100000000)
  eden space 26624K, 99% used [0x00000000eef00000,0x00000000f08fb900,0x00000000f0900000)
  from space 2048K, 98% used [0x00000000f0900000,0x00000000f0af8020,0x00000000f0b00000)
  to   space 6656K, 0% used [0x00000000f2980000,0x00000000f2980000,0x00000000f3000000)
 ParOldGen       total 34816K, used 7113K [0x00000000cce00000, 0x00000000cf000000, 0x00000000eef00000)
  object space 34816K, 20% used [0x00000000cce00000,0x00000000cd4f26c8,0x00000000cf000000)
 PSPermGen       total 21504K, used 17867K [0x00000000c2800000, 0x00000000c3d00000, 0x00000000cce00000)
  object space 21504K, 83% used [0x00000000c2800000,0x00000000c3972dc0,0x00000000c3d00000)
Event: 7.180 GC heap after
Heap after GC invocations=6 (full 0):
 PSYoungGen      total 58880K, used 6214K [0x00000000eef00000, 0x00000000f3200000, 0x0000000100000000)
  eden space 52224K, 0% used [0x00000000eef00000,0x00000000eef00000,0x00000000f2200000)
  from space 6656K, 93% used [0x00000000f2980000,0x00000000f2f91b10,0x00000000f3000000)
  to   space 7680K, 0% used [0x00000000f2200000,0x00000000f2200000,0x00000000f2980000)
 ParOldGen       total 34816K, used 7113K [0x00000000cce00000, 0x00000000cf000000, 0x00000000eef00000)
  object space 34816K, 20% used [0x00000000cce00000,0x00000000cd4f26c8,0x00000000cf000000)
 PSPermGen       total 21504K, used 17867K [0x00000000c2800000, 0x00000000c3d00000, 0x00000000cce00000)
  object space 21504K, 83% used [0x00000000c2800000,0x00000000c3972dc0,0x00000000c3d00000)
}
Event: 9.667 GC heap before
{Heap before GC invocations=7 (full 0):
 PSYoungGen      total 58880K, used 58438K [0x00000000eef00000, 0x00000000f3200000, 0x0000000100000000)
  eden space 52224K, 100% used [0x00000000eef00000,0x00000000f2200000,0x00000000f2200000)
  from space 6656K, 93% used [0x00000000f2980000,0x00000000f2f91b10,0x00000000f3000000)
  to   space 7680K, 0% used [0x00000000f2200000,0x00000000f2200000,0x00000000f2980000)
 ParOldGen       total 34816K, used 7113K [0x00000000cce00000, 0x00000000cf000000, 0x00000000eef00000)
  object space 34816K, 20% used [0x00000000cce00000,0x00000000cd4f26c8,0x00000000cf000000)
 PSPermGen       total 23040K, used 22835K [0x00000000c2800000, 0x00000000c3e80000, 0x00000000cce00000)
  object space 23040K, 99% used [0x00000000c2800000,0x00000000c3e4cc70,0x00000000c3e80000)

